backend/app/build/intermediates/manifest_merge_blame_file/debug/processDebugMainManifest/manifest-merger-blame-debug-report.txt
1<?xml version="1.0" encoding="utf-8"?>
2<manifest xmlns:android="http://schemas.android.com/apk/res/android"
3    package="com.example.ivan"
4    android:versionCode="1"
5    android:versionName="1.0" >
6
7    <uses-sdk
8        android:minSdkVersion="24"
9        android:targetSdkVersion="36" />
10
11    <uses-permission android:name="android.permission.INTERNET" />
11-->src/main/AndroidManifest.xml:4:5-67
11-->src/main/AndroidManifest.xml:4:22-64
12
13    <queries>
13-->[com.yandex.android:authsdk:3.1.5] AndroidManifest.xml:8:5-27:15
14        <intent>
14-->[com.yandex.android:authsdk:3.1.5] AndroidManifest.xml:9:9-13:18
15            <action android:name="android.intent.action.VIEW" />
15-->[com.yandex.android:authsdk:3.1.5] AndroidManifest.xml:10:13-65
15-->[com.yandex.android:authsdk:3.1.5] AndroidManifest.xml:10:21-62
16
17            <data android:scheme="https" />
17-->[com.yandex.android:authsdk:3.1.5] AndroidManifest.xml:12:13-44
17-->[com.yandex.android:authsdk:3.1.5] AndroidManifest.xml:12:19-41
18        </intent>
19        <intent>
19-->[com.yandex.android:authsdk:3.1.5] AndroidManifest.xml:14:9-16:18
20            <action android:name="com.yandex.auth.action.YA_SDK_LOGIN" />
20-->[com.yandex.android:authsdk:3.1.5] AndroidManifest.xml:15:13-74
20-->[com.yandex.android:authsdk:3.1.5] AndroidManifest.xml:15:21-71
21        </intent>
22
23        <package android:name="com.yandex.browser" /> <!-- Яндекс браузер -->
23-->[com.yandex.android:authsdk:3.1.5] AndroidManifest.xml:18:9-54
23-->[com.yandex.android:authsdk:3.1.5] AndroidManifest.xml:18:18-51
24        <package android:name="ru.yandex.searchplugin" /> <!-- Яндекс Старт -->
24-->[com.yandex.android:authsdk:3.1.5] AndroidManifest.xml:19:9-58
24-->[com.yandex.android:authsdk:3.1.5] AndroidManifest.xml:19:18-55
25        <package android:name="com.yandex.searchapp" /> <!-- Яндекс с Алисой -->
25-->[com.yandex.android:authsdk:3.1.5] AndroidManifest.xml:20:9-56
25-->[com.yandex.android:authsdk:3.1.5] AndroidManifest.xml:20:18-53
26        <package android:name="ru.yandex.taxi" /> <!-- Яндекс GO -->
26-->[com.yandex.android:authsdk:3.1.5] AndroidManifest.xml:21:9-50
26-->[com.yandex.android:authsdk:3.1.5] AndroidManifest.xml:21:18-47
27        <package android:name="ru.yandex.mail" /> <!-- Яндекс Почта -->
27-->[com.yandex.android:authsdk:3.1.5] AndroidManifest.xml:22:9-50
27-->[com.yandex.android:authsdk:3.1.5] AndroidManifest.xml:22:18-47
28        <package android:name="ru.yandex.disk" /> <!-- Яндекс Диск -->
28-->[com.yandex.android:authsdk:3.1.5] AndroidManifest.xml:23:9-50
28-->[com.yandex.android:authsdk:3.1.5] AndroidManifest.xml:23:18-47
29        <package android:name="com.yandex.bank" /> <!-- Яндекс Банк -->
29-->[com.yandex.android:authsdk:3.1.5] AndroidManifest.xml:24:9-51
29-->[com.yandex.android:authsdk:3.1.5] AndroidManifest.xml:24:18-48
30        <package android:name="ru.yandex.key" /> <!-- Яндекс Ключ -->
30-->[com.yandex.android:authsdk:3.1.5] AndroidManifest.xml:25:9-49
30-->[com.yandex.android:authsdk:3.1.5] AndroidManifest.xml:25:18-46
31        <package android:name="ru.yandex.auth.client" /> <!-- Семпл АМа -->
31-->[com.yandex.android:authsdk:3.1.5] AndroidManifest.xml:26:9-57
31-->[com.yandex.android:authsdk:3.1.5] AndroidManifest.xml:26:18-54
32    </queries>
33
34    <permission
34-->[androidx.core:core:1.13.1] AndroidManifest.xml:22:5-24:47
35        android:name="com.example.ivan.DYNAMIC_RECEIVER_NOT_EXPORTED_PERMISSION"
35-->[androidx.core:core:1.13.1] AndroidManifest.xml:23:9-81
36        android:protectionLevel="signature" />
36-->[androidx.core:core:1.13.1] AndroidManifest.xml:24:9-44
37
38    <uses-permission android:name="com.example.ivan.DYNAMIC_RECEIVER_NOT_EXPORTED_PERMISSION" />
38-->[androidx.core:core:1.13.1] AndroidManifest.xml:26:5-97
38-->[androidx.core:core:1.13.1] AndroidManifest.xml:26:22-94
39
40    <application
40-->src/main/AndroidManifest.xml:5:5-25:19
41        android:allowBackup="true"
41-->src/main/AndroidManifest.xml:6:13-39
42        android:appComponentFactory="androidx.core.app.CoreComponentFactory"
42-->[androidx.core:core:1.13.1] AndroidManifest.xml:28:18-86
43        android:dataExtractionRules="@xml/data_extraction_rules"
43-->src/main/AndroidManifest.xml:7:13-69
44        android:debuggable="true"
45        android:extractNativeLibs="false"
46        android:fullBackupContent="@xml/backup_rules"
46-->src/main/AndroidManifest.xml:8:13-58
47        android:icon="@mipmap/ic_launcher"
47-->src/main/AndroidManifest.xml:9:13-47
48        android:label="@string/app_name"
48-->src/main/AndroidManifest.xml:10:13-45
49        android:roundIcon="@mipmap/ic_launcher_round"
49-->src/main/AndroidManifest.xml:11:13-58
50        android:supportsRtl="true"
50-->src/main/AndroidManifest.xml:12:13-39
51        android:testOnly="true"
52        android:theme="@style/Theme.Ivan" >
52-->src/main/AndroidManifest.xml:13:13-46
53        <activity
53-->src/main/AndroidManifest.xml:14:9-24:20
54            android:name="com.example.ivan.main.MainActivity"
54-->src/main/AndroidManifest.xml:15:17-50
55            android:exported="true"
55-->src/main/AndroidManifest.xml:16:17-40
56            android:label="@string/app_name"
56-->src/main/AndroidManifest.xml:17:17-49
57            android:theme="@style/Theme.Ivan" >
57-->src/main/AndroidManifest.xml:18:17-50
58            <intent-filter>
58-->src/main/AndroidManifest.xml:19:13-23:29
59                <action android:name="android.intent.action.MAIN" />
59-->src/main/AndroidManifest.xml:20:17-68
59-->src/main/AndroidManifest.xml:20:25-66
60
61                <category android:name="android.intent.category.LAUNCHER" />
61-->src/main/AndroidManifest.xml:22:17-76
61-->src/main/AndroidManifest.xml:22:27-74
62            </intent-filter>
63        </activity>
64        <activity
64-->[com.yandex.android:authsdk:3.1.5] AndroidManifest.xml:30:9-33:64
65            android:name="com.yandex.authsdk.internal.AuthSdkActivity"
65-->[com.yandex.android:authsdk:3.1.5] AndroidManifest.xml:31:13-71
66            android:label=""
66-->[com.yandex.android:authsdk:3.1.5] AndroidManifest.xml:32:13-29
67            android:theme="@style/Theme.AuthSdk.Transparent" />
67-->[com.yandex.android:authsdk:3.1.5] AndroidManifest.xml:33:13-61
68        <activity
68-->[com.yandex.android:authsdk:3.1.5] AndroidManifest.xml:34:9-37:64
69            android:name="com.yandex.authsdk.internal.ChromeTabLoginActivity"
69-->[com.yandex.android:authsdk:3.1.5] AndroidManifest.xml:35:13-78
70            android:launchMode="singleTop"
70-->[com.yandex.android:authsdk:3.1.5] AndroidManifest.xml:36:13-43
71            android:theme="@style/Theme.AuthSdk.Transparent" />
71-->[com.yandex.android:authsdk:3.1.5] AndroidManifest.xml:37:13-61
72        <activity
72-->[com.yandex.android:authsdk:3.1.5] AndroidManifest.xml:38:9-41:52
73            android:name="com.yandex.authsdk.internal.WebViewLoginActivity"
73-->[com.yandex.android:authsdk:3.1.5] AndroidManifest.xml:39:13-76
74            android:configChanges="keyboard|keyboardHidden|orientation|screenSize"
74-->[com.yandex.android:authsdk:3.1.5] AndroidManifest.xml:40:13-83
75            android:theme="@style/Theme.AuthSdk" />
75-->[com.yandex.android:authsdk:3.1.5] AndroidManifest.xml:41:13-49
76        <activity
76-->[com.yandex.android:authsdk:3.1.5] AndroidManifest.xml:42:9-70:20
77            android:name="com.yandex.authsdk.internal.ChromeTabDataActivity"
77-->[com.yandex.android:authsdk:3.1.5] AndroidManifest.xml:43:13-77
78            android:exported="true"
78-->[com.yandex.android:authsdk:3.1.5] AndroidManifest.xml:44:13-36
79            android:theme="@style/Theme.AuthSdk.Transparent" >
79-->[com.yandex.android:authsdk:3.1.5] AndroidManifest.xml:45:13-61
80            <intent-filter android:autoVerify="true" >
80-->[com.yandex.android:authsdk:3.1.5] AndroidManifest.xml:46:13-58:29
80-->[com.yandex.android:authsdk:3.1.5] AndroidManifest.xml:47:17-42
81                <action android:name="android.intent.action.VIEW" />
81-->[com.yandex.android:authsdk:3.1.5] AndroidManifest.xml:10:13-65
81-->[com.yandex.android:authsdk:3.1.5] AndroidManifest.xml:10:21-62
82
83                <category android:name="android.intent.category.DEFAULT" />
83-->[com.yandex.android:authsdk:3.1.5] AndroidManifest.xml:51:17-76
83-->[com.yandex.android:authsdk:3.1.5] AndroidManifest.xml:51:27-73
84                <category android:name="android.intent.category.BROWSABLE" />
84-->[com.yandex.android:authsdk:3.1.5] AndroidManifest.xml:52:17-78
84-->[com.yandex.android:authsdk:3.1.5] AndroidManifest.xml:52:27-75
85
86                <data android:scheme="http" />
86-->[com.yandex.android:authsdk:3.1.5] AndroidManifest.xml:12:13-44
86-->[com.yandex.android:authsdk:3.1.5] AndroidManifest.xml:12:19-41
87                <data android:scheme="https" />
87-->[com.yandex.android:authsdk:3.1.5] AndroidManifest.xml:12:13-44
87-->[com.yandex.android:authsdk:3.1.5] AndroidManifest.xml:12:19-41
88                <data android:host="yxca6467d875614e84a2419eecf51453f6.oauth.yandex.ru" />
88-->[com.yandex.android:authsdk:3.1.5] AndroidManifest.xml:12:13-44
89                <data android:path="/auth/finish" />
89-->[com.yandex.android:authsdk:3.1.5] AndroidManifest.xml:12:13-44
90            </intent-filter>
91            <intent-filter>
91-->[com.yandex.android:authsdk:3.1.5] AndroidManifest.xml:59:13-69:29
92                <action android:name="android.intent.action.VIEW" />
92-->[com.yandex.android:authsdk:3.1.5] AndroidManifest.xml:10:13-65
92-->[com.yandex.android:authsdk:3.1.5] AndroidManifest.xml:10:21-62
93
94                <category android:name="android.intent.category.DEFAULT" />
94-->[com.yandex.android:authsdk:3.1.5] AndroidManifest.xml:51:17-76
94-->[com.yandex.android:authsdk:3.1.5] AndroidManifest.xml:51:27-73
95                <category android:name="android.intent.category.BROWSABLE" />
95-->[com.yandex.android:authsdk:3.1.5] AndroidManifest.xml:52:17-78
95-->[com.yandex.android:authsdk:3.1.5] AndroidManifest.xml:52:27-75
96
97                <data
97-->[com.yandex.android:authsdk:3.1.5] AndroidManifest.xml:12:13-44
98                    android:path="/auth/finish"
99                    android:scheme="yxca6467d875614e84a2419eecf51453f6" />
99-->[com.yandex.android:authsdk:3.1.5] AndroidManifest.xml:12:19-41
100            </intent-filter>
101        </activity>
102
103        <meta-data
103-->[com.yandex.android:authsdk:3.1.5] AndroidManifest.xml:72:9-74:51
104            android:name="com.yandex.auth.CLIENT_ID"
104-->[com.yandex.android:authsdk:3.1.5] AndroidManifest.xml:73:13-53
105            android:value="ca6467d875614e84a2419eecf51453f6" />
105-->[com.yandex.android:authsdk:3.1.5] AndroidManifest.xml:74:13-48
106        <meta-data
106-->[com.yandex.android:authsdk:3.1.5] AndroidManifest.xml:75:9-77:47
107            android:name="com.yandex.auth.OAUTH_HOST"
107-->[com.yandex.android:authsdk:3.1.5] AndroidManifest.xml:76:13-54
108            android:value="oauth.yandex.ru" />
108-->[com.yandex.android:authsdk:3.1.5] AndroidManifest.xml:77:13-44
109
110        <activity
110-->[androidx.compose.ui:ui-tooling-android:1.7.8] AndroidManifest.xml:23:9-25:39
111            android:name="androidx.compose.ui.tooling.PreviewActivity"
111-->[androidx.compose.ui:ui-tooling-android:1.7.8] AndroidManifest.xml:24:13-71
112            android:exported="true" />
112-->[androidx.compose.ui:ui-tooling-android:1.7.8] AndroidManifest.xml:25:13-36
113
114        <provider
114-->[androidx.emoji2:emoji2:1.3.0] AndroidManifest.xml:24:9-32:20
115            android:name="androidx.startup.InitializationProvider"
115-->[androidx.emoji2:emoji2:1.3.0] AndroidManifest.xml:25:13-67
116            android:authorities="com.example.ivan.androidx-startup"
116-->[androidx.emoji2:emoji2:1.3.0] AndroidManifest.xml:26:13-68
117            android:exported="false" >
117-->[androidx.emoji2:emoji2:1.3.0] AndroidManifest.xml:27:13-37
118            <meta-data
118-->[androidx.emoji2:emoji2:1.3.0] AndroidManifest.xml:29:13-31:52
119                android:name="androidx.emoji2.text.EmojiCompatInitializer"
119-->[androidx.emoji2:emoji2:1.3.0] AndroidManifest.xml:30:17-75
120                android:value="androidx.startup" />
120-->[androidx.emoji2:emoji2:1.3.0] AndroidManifest.xml:31:17-49
121            <meta-data
121-->[androidx.lifecycle:lifecycle-process:2.9.0] AndroidManifest.xml:29:13-31:52
122                android:name="androidx.lifecycle.ProcessLifecycleInitializer"
122-->[androidx.lifecycle:lifecycle-process:2.9.0] AndroidManifest.xml:30:17-78
123                android:value="androidx.startup" />
123-->[androidx.lifecycle:lifecycle-process:2.9.0] AndroidManifest.xml:31:17-49
124            <meta-data
124-->[androidx.profileinstaller:profileinstaller:1.4.0] AndroidManifest.xml:29:13-31:52
125                android:name="androidx.profileinstaller.ProfileInstallerInitializer"
125-->[androidx.profileinstaller:profileinstaller:1.4.0] AndroidManifest.xml:30:17-85
126                android:value="androidx.startup" />
126-->[androidx.profileinstaller:profileinstaller:1.4.0] AndroidManifest.xml:31:17-49
127        </provider>
128
129        <activity
129-->[androidx.compose.ui:ui-test-manifest:1.7.8] AndroidManifest.xml:23:9-25:39
130            android:name="androidx.activity.ComponentActivity"
130-->[androidx.compose.ui:ui-test-manifest:1.7.8] AndroidManifest.xml:24:13-63
131            android:exported="true" />
131-->[androidx.compose.ui:ui-test-manifest:1.7.8] AndroidManifest.xml:25:13-36
132
133        <receiver
133-->[androidx.profileinstaller:profileinstaller:1.4.0] AndroidManifest.xml:34:9-52:20
134            android:name="androidx.profileinstaller.ProfileInstallReceiver"
134-->[androidx.profileinstaller:profileinstaller:1.4.0] AndroidManifest.xml:35:13-76
135            android:directBootAware="false"
135-->[androidx.profileinstaller:profileinstaller:1.4.0] AndroidManifest.xml:36:13-44
136            android:enabled="true"
136-->[androidx.profileinstaller:profileinstaller:1.4.0] AndroidManifest.xml:37:13-35
137            android:exported="true"
137-->[androidx.profileinstaller:profileinstaller:1.4.0] AndroidManifest.xml:38:13-36
138            android:permission="android.permission.DUMP" >
138-->[androidx.profileinstaller:profileinstaller:1.4.0] AndroidManifest.xml:39:13-57
139            <intent-filter>
139-->[androidx.profileinstaller:profileinstaller:1.4.0] AndroidManifest.xml:40:13-42:29
140                <action android:name="androidx.profileinstaller.action.INSTALL_PROFILE" />
140-->[androidx.profileinstaller:profileinstaller:1.4.0] AndroidManifest.xml:41:17-91
140-->[androidx.profileinstaller:profileinstaller:1.4.0] AndroidManifest.xml:41:25-88
141            </intent-filter>
142            <intent-filter>
142-->[androidx.profileinstaller:profileinstaller:1.4.0] AndroidManifest.xml:43:13-45:29
143                <action android:name="androidx.profileinstaller.action.SKIP_FILE" />
143-->[androidx.profileinstaller:profileinstaller:1.4.0] AndroidManifest.xml:44:17-85
143-->[androidx.profileinstaller:profileinstaller:1.4.0] AndroidManifest.xml:44:25-82
144            </intent-filter>
145            <intent-filter>
145-->[androidx.profileinstaller:profileinstaller:1.4.0] AndroidManifest.xml:46:13-48:29
146                <action android:name="androidx.profileinstaller.action.SAVE_PROFILE" />
146-->[androidx.profileinstaller:profileinstaller:1.4.0] AndroidManifest.xml:47:17-88
146-->[androidx.profileinstaller:profileinstaller:1.4.0] AndroidManifest.xml:47:25-85
147            </intent-filter>
148            <intent-filter>
148-->[androidx.profileinstaller:profileinstaller:1.4.0] AndroidManifest.xml:49:13-51:29
149                <action android:name="androidx.profileinstaller.action.BENCHMARK_OPERATION" />
149-->[androidx.profileinstaller:profileinstaller:1.4.0] AndroidManifest.xml:50:17-95
149-->[androidx.profileinstaller:profileinstaller:1.4.0] AndroidManifest.xml:50:25-92
150            </intent-filter>
151        </receiver>
152    </application>
153
154</manifest>